  Main.cpp
  User.cpp
C:\Users\jeren\Desktop\studia\CRC\User.h(3,12): error C2011: "User'': "class" wpisz ponownie definicję
  (kompilowanie pliku źródłowego „Main.cpp”)
  C:\Users\jeren\Desktop\studia\CRC\User.h(3,7):
  zobacz deklarację „User”
  
C:\Users\jeren\Desktop\studia\CRC\User.h(19,16): error C2011: "AdminUser'': "class" wpisz ponownie definicję
  (kompilowanie pliku źródłowego „Main.cpp”)
  C:\Users\jeren\Desktop\studia\CRC\User.h(19,7):
  zobacz deklarację „AdminUser”
  
C:\Users\jeren\Desktop\studia\CRC\Main.cpp(34,41): error C2680: "AdminUser *": nieprawidłowy typ docelowy dla dynamic_cast
  C:\Users\jeren\Desktop\studia\CRC\Main.cpp(34,41):
  "AdminUser": klasa musi być zdefiniowana przez użyciem w dynamic_cast
  
C:\Users\jeren\Desktop\studia\CRC\Main.cpp(35,52): error C2027: wykorzystanie niezdefiniowanego przez użytkownika typu "User"
  C:\Users\jeren\Desktop\studia\CRC\User.h(3,7):
  zobacz deklarację „User”
  
C:\Users\jeren\Desktop\studia\CRC\Main.cpp(51,40): error C2680: "AdminUser *": nieprawidłowy typ docelowy dla dynamic_cast
  C:\Users\jeren\Desktop\studia\CRC\Main.cpp(51,40):
  "AdminUser": klasa musi być zdefiniowana przez użyciem w dynamic_cast
  
C:\Users\jeren\Desktop\studia\CRC\Main.cpp(52,51): error C2027: wykorzystanie niezdefiniowanego przez użytkownika typu "User"
  C:\Users\jeren\Desktop\studia\CRC\User.h(3,7):
  zobacz deklarację „User”
  
C:\Users\jeren\Desktop\studia\CRC\Main.cpp(67,9): warning C4150: usunięcie wskaźnika do niekompletnego typu "User"; brak wywołania destruktora
  C:\Users\jeren\Desktop\studia\CRC\User.h(3,7):
  zobacz deklarację „User”
  
C:\Users\jeren\Desktop\studia\CRC\User.cpp(29,13): error C2084: funkcja "User *User::loadFromFile(std::istream &)" ma już treść
  C:\Users\jeren\Desktop\studia\CRC\User.cpp(22,13):
  zobacz poprzednią definicję „loadFromFile”
  
  Generowanie kodu...
