c:\users\jeren\desktop\studia\crc\crc\x64\debug\vc143.pdb
c:\users\jeren\desktop\studia\crc\crc\x64\debug\vc143.idb
c:\users\jeren\desktop\studia\crc\crc\x64\debug\user.obj
c:\users\jeren\desktop\studia\crc\crc\x64\debug\menu.obj
c:\users\jeren\desktop\studia\crc\crc\x64\debug\main.obj
c:\users\jeren\desktop\studia\crc\crc\x64\debug\car.obj
c:\users\jeren\desktop\studia\crc\crc\x64\debug\authenticationsystem.obj
c:\users\jeren\desktop\studia\crc\crc\x64\debug\rent.obj
c:\users\jeren\desktop\studia\crc\x64\debug\crc.exe
c:\users\jeren\desktop\studia\crc\x64\debug\crc.pdb
c:\users\jeren\desktop\studia\crc\crc\x64\debug\crc.ilk
c:\users\jeren\desktop\studia\crc\crc\x64\debug\void.obj
c:\users\jeren\desktop\studia\crc\crc\x64\debug\rent.obj.enc
c:\users\jeren\desktop\studia\crc\x64\debug\crc.ilk
c:\users\jeren\desktop\studia\crc\crc\x64\debug\crc.tlog\cl.command.1.tlog
c:\users\jeren\desktop\studia\crc\crc\x64\debug\crc.tlog\cl.items.tlog
c:\users\jeren\desktop\studia\crc\crc\x64\debug\crc.tlog\cl.read.1.tlog
c:\users\jeren\desktop\studia\crc\crc\x64\debug\crc.tlog\cl.write.1.tlog
c:\users\jeren\desktop\studia\crc\crc\x64\debug\crc.tlog\link.command.1.tlog
c:\users\jeren\desktop\studia\crc\crc\x64\debug\crc.tlog\link.read.1.tlog
c:\users\jeren\desktop\studia\crc\crc\x64\debug\crc.tlog\link.secondary.1.tlog
c:\users\jeren\desktop\studia\crc\crc\x64\debug\crc.tlog\link.write.1.tlog
